Galaxy2D Game Engine 4.2
版权声明: 版权所有(c) 2005 沈明. 保留所有权利.
主页地址: http://www.cppblog.com/jianguhan/
电子邮箱: jianguhan@126.com
创建时间: 2025-8-10 18:41:3
操作系统: Windows 6.2.9200
CPU信息: Intel Xeon Processor (Cascadelake)
物理内存: 2048M, 剩余:2048M

开始初始化 Galaxy2D Game Engine.
视频设备:Microsoft Basic Render Driver
最大纹理尺寸:16384x16384
显示模式:360x233x32(窗口)
初始化视频设备成功.
音频设备:扬声器 (ICE-Audio-Driver)
音频位速:16
音频频率:44100
初始化音频设备成功.
Galaxy2D Game Engine 初始化完毕.

创建纹理[0x0]成功.
创建纹理[15x300]成功.
创建字体[C:/Windows/Fonts/simsun.ttc][20,, Bold,Border,Mono]成功.
创建字体[C:/Windows/Fonts/simsun.ttc][16,Normal,Normal,Mono]成功.
创建纹理[800x599]成功.
创建纹理[840x640]成功.
创建纹理[671x27]成功.
创建纹理[207x23]成功.
创建纹理[826x28]成功.
创建纹理[800x600]成功.
创建纹理[703x22]成功.
创建纹理[800x600]成功.
创建纹理[810x610]成功.
创建纹理[890x690]成功.
创建纹理[800x600]成功.
创建纹理[186x22]成功.
创建纹理[818x618]成功.
创建纹理[830x630]成功.
创建纹理[249x206]成功.
创建纹理[18x609]成功.
创建纹理[799x18]成功.
创建纹理[190x23]成功.
创建纹理[15x604]成功.
创建纹理[200x23]成功.
创建纹理[190x23]成功.
创建纹理[64x22]成功.
创建纹理[64x22]成功.
创建纹理[108x24]成功.
创建纹理[10x10]成功.
创建纹理[19x18]成功.
创建纹理[19x18]成功.
创建纹理[22x22]成功.
创建纹理[22x22]成功.
创建纹理[18x18]成功.
创建纹理[18x18]成功.
创建纹理[23x73]成功.
创建纹理[22x23]成功.
创建纹理[16x18]成功.
创建纹理[28x28]成功.
创建纹理[26x26]成功.
创建纹理[190x23]成功.
创建纹理[190x23]成功.
创建纹理[190x23]成功.
创建纹理[15x604]成功.
创建纹理[15x604]成功.
创建纹理[15x604]成功.
创建纹理[200x23]成功.
创建纹理[200x23]成功.
创建纹理[200x23]成功.
创建纹理[190x23]成功.
创建纹理[190x23]成功.
创建纹理[190x23]成功.
创建纹理[16x16]成功.
创建纹理[16x16]成功.
创建纹理[22x23]成功.
创建纹理[22x23]成功.
创建纹理[22x23]成功.
创建纹理[19x18]成功.
创建纹理[19x18]成功.
创建纹理[19x18]成功.
创建纹理[19x18]成功.
创建纹理[22x22]成功.
创建纹理[22x22]成功.
创建纹理[23x25]成功.
创建纹理[23x25]成功.
创建纹理[18x18]成功.
创建纹理[18x18]成功.
创建纹理[18x18]成功.
创建纹理[18x18]成功.
创建纹理[18x18]成功.
创建纹理[18x18]成功.
创建纹理[23x73]成功.
创建纹理[23x73]成功.
创建纹理[28x28]成功.
创建纹理[28x28]成功.
创建纹理[28x28]成功.
创建纹理[28x28]成功.
创建纹理[26x26]成功.
创建纹理[26x26]成功.
创建纹理[26x26]成功.
创建纹理[26x26]成功.
创建纹理[650x475]成功.
创建纹理[650x70]成功.
创建纹理[70x475]成功.
创建纹理[70x70]成功.
创建纹理[650x475]成功.
创建纹理[650x70]成功.
创建纹理[70x475]成功.
创建纹理[70x70]成功.
创建纹理[650x475]成功.
创建纹理[650x12]成功.
创建纹理[12x475]成功.
创建纹理[12x12]成功.
创建纹理[650x475]成功.
创建纹理[650x70]成功.
创建纹理[70x475]成功.
创建纹理[70x70]成功.
创建纹理[650x475]成功.
创建纹理[650x70]成功.
创建纹理[70x475]成功.
创建纹理[70x70]成功.
创建纹理[650x475]成功.
创建纹理[650x12]成功.
创建纹理[12x475]成功.
创建纹理[12x12]成功.
创建纹理[650x475]成功.
创建纹理[650x12]成功.
创建纹理[12x475]成功.
创建纹理[12x12]成功.
创建纹理[650x475]成功.
创建纹理[650x70]成功.
创建纹理[70x475]成功.
创建纹理[70x70]成功.
创建纹理[650x475]成功.
创建纹理[650x70]成功.
创建纹理[70x475]成功.
创建纹理[70x70]成功.
创建纹理[650x475]成功.
创建纹理[650x70]成功.
创建纹理[70x475]成功.
创建纹理[70x70]成功.
创建纹理[600x23]成功.
创建纹理[10x23]成功.
创建纹理[600x23]成功.
创建纹理[10x23]成功.
创建纹理[600x23]成功.
创建纹理[10x23]成功.
创建纹理[600x23]成功.
创建纹理[10x23]成功.
创建纹理[600x23]成功.
创建纹理[10x23]成功.
创建纹理[600x23]成功.
创建纹理[10x23]成功.
创建纹理[600x23]成功.
创建纹理[10x23]成功.
创建纹理[600x23]成功.
创建纹理[10x23]成功.
创建纹理[600x27]成功.
创建纹理[10x27]成功.
创建纹理[600x22]成功.
创建纹理[10x22]成功.
创建纹理[600x23]成功.
创建纹理[10x23]成功.
创建纹理[600x23]成功.
创建纹理[10x23]成功.
创建纹理[600x23]成功.
创建纹理[10x23]成功.
创建纹理[600x23]成功.
创建纹理[10x23]成功.
创建纹理[600x22]成功.
创建纹理[10x22]成功.
创建纹理[600x28]成功.
创建纹理[10x28]成功.
创建纹理[600x23]成功.
创建纹理[10x23]成功.
创建纹理[600x22]成功.
创建纹理[10x22]成功.
创建纹理[600x22]成功.
创建纹理[10x22]成功.
创建纹理[600x22]成功.
创建纹理[10x22]成功.
创建纹理[600x22]成功.
创建纹理[10x22]成功.
创建纹理[600x22]成功.
创建纹理[10x22]成功.
创建纹理[600x22]成功.
创建纹理[10x22]成功.
创建纹理[600x22]成功.
创建纹理[10x22]成功.
创建纹理[600x22]成功.
创建纹理[10x22]成功.
创建纹理[600x24]成功.
创建纹理[10x24]成功.
创建纹理[600x24]成功.
创建纹理[10x24]成功.
创建纹理[600x24]成功.
创建纹理[10x24]成功.
创建纹理[600x24]成功.
创建纹理[10x24]成功.
创建纹理[600x18]成功.
创建纹理[10x18]成功.
创建纹理[15x360]成功.
创建纹理[15x37]成功.
创建纹理[15x360]成功.
创建纹理[15x37]成功.
创建纹理[15x360]成功.
创建纹理[15x37]成功.
创建纹理[15x360]成功.
创建纹理[15x37]成功.
创建纹理[18x360]成功.
创建纹理[18x37]成功.
创建纹理[29x29]成功.
创建字体[C:/Windows/Fonts/simsun.ttc][14,Normal,Normal,Mono]成功.
创建字体[C:/Windows/Fonts/simsun.ttc][14,Normal,Normal,Mono]成功.
创建纹理[121x40]成功.
创建纹理[123x40]成功.
创建纹理[360x233]成功.
创建字体[C:/Windows/Fonts/simsun.ttc][14,Normal,Normal,Mono]成功.
创建字体[C:/Windows/Fonts/simsun.ttc][14,Normal,Normal,Mono]成功.
创建字体[C:/Windows/Fonts/simsun.ttc][16,Normal,Normal,Mono]成功.
创建字体[C:/Windows/Fonts/simsun.ttc][20,, Bold,Border,Mono]成功.
创建字体[C:/Windows/Fonts/simsun.ttc][14,Normal,Normal,Mono]成功.
创建字体[C:/Windows/Fonts/simsun.ttc][16,Normal,Normal,Mono]成功.
创建字体[C:/Windows/Fonts/simsun.ttc][16,Normal,Normal,Mono]成功.
创建纹理[800x500]成功.
创建纹理[800x600]成功.
创建纹理[231x118]成功.
创建纹理[158x164]成功.
创建纹理[328x27]成功.
创建纹理[68x115]成功.
创建纹理[152x65]成功.
创建纹理[212x212]成功.
创建字体[C:/Windows/Fonts/simsun.ttc][14,Normal,Normal,Mono]成功.
创建字体[C:/Windows/Fonts/simsun.ttc][14,Normal,Normal,Mono]成功.
创建字体[C:/Windows/Fonts/simsun.ttc][14,Normal,Normal,Mono]成功.
创建字体[C:/Windows/Fonts/simsun.ttc][14,Normal,Normal,Mono]成功.
创建字体[C:/Windows/Fonts/simsun.ttc][14,Normal,Normal,Mono]成功.
创建字体[C:/Windows/Fonts/simsun.ttc][14,Normal,Normal,Mono]成功.
创建字体[C:/Windows/Fonts/simsun.ttc][14,Normal,Normal,Mono]成功.
创建字体[C:/Windows/Fonts/simsun.ttc][14,Normal,Normal,Mono]成功.
创建字体[C:/Windows/Fonts/simsun.ttc][14,Normal,Normal,Mono]成功.
创建字体[C:/Windows/Fonts/simsun.ttc][14,Normal,Normal,Mono]成功.
创建字体[C:/Windows/Fonts/simsun.ttc][14,Normal,Normal,Mono]成功.
创建字体[C:/Windows/Fonts/simsun.ttc][14,Normal,Normal,Mono]成功.
创建字体[C:/Windows/Fonts/simsun.ttc][14,Normal,Normal,Mono]成功.
创建字体[C:/Windows/Fonts/simsun.ttc][14,Normal,Normal,Mono]成功.
创建字体[C:/Windows/Fonts/simsun.ttc][14,Normal,Normal,Mono]成功.
创建字体[C:/Windows/Fonts/simsun.ttc][14,Normal,Normal,Mono]成功.
创建字体[C:/Windows/Fonts/simsun.ttc][14,Normal,Normal,Mono]成功.
创建字体[C:/Windows/Fonts/simsun.ttc][14,Normal,Normal,Mono]成功.
创建字体[C:/Windows/Fonts/simsun.ttc][14,Normal,Normal,Mono]成功.
创建字体[C:/Windows/Fonts/simsun.ttc][14,Normal,Normal,Mono]成功.
创建字体[C:/Windows/Fonts/simsun.ttc][14,Normal,Normal,Mono]成功.
创建字体[C:/Windows/Fonts/simsun.ttc][14,Normal,Normal,Mono]成功.
创建字体[C:/Windows/Fonts/simsun.ttc][14,Normal,Normal,Mono]成功.
创建字体[C:/Windows/Fonts/simsun.ttc][14,Normal,Normal,Mono]成功.
创建字体[C:/Windows/Fonts/simsun.ttc][14,Normal,Normal,Mono]成功.
创建字体[C:/Windows/Fonts/simsun.ttc][14,Normal,Normal,Mono]成功.
创建字体[C:/Windows/Fonts/simsun.ttc][14,Normal,Normal,Mono]成功.
创建字体[C:/Windows/Fonts/simsun.ttc][14,Normal,Normal,Mono]成功.
创建字体[C:/Windows/Fonts/simsun.ttc][14,Normal,Normal,Mono]成功.
创建字体[C:/Windows/Fonts/simsun.ttc][14,Normal,Normal,Mono]成功.
创建字体[C:/Windows/Fonts/simsun.ttc][14,Normal,Normal,Mono]成功.
创建字体[C:/Windows/Fonts/simsun.ttc][14,Normal,Normal,Mono]成功.
创建字体[C:/Windows/Fonts/simsun.ttc][14,Normal,Normal,Mono]成功.
创建字体[C:/Windows/Fonts/simsun.ttc][14,Normal,Normal,Mono]成功.
创建字体[C:/Windows/Fonts/simsun.ttc][14,Normal,Normal,Mono]成功.
创建字体[C:/Windows/Fonts/simsun.ttc][14,Normal,Normal,Mono]成功.
创建字体[C:/Windows/Fonts/simsun.ttc][14,Normal,Normal,Mono]成功.
创建字体[C:/Windows/Fonts/simsun.ttc][14,Normal,Normal,Mono]成功.
创建字体[C:/Windows/Fonts/simsun.ttc][14,Normal,Normal,Mono]成功.
创建字体[C:/Windows/Fonts/simsun.ttc][14,Normal,Normal,Mono]成功.
创建字体[C:/Windows/Fonts/simsun.ttc][14,Normal,Normal,Mono]成功.
创建字体[C:/Windows/Fonts/simsun.ttc][14,Normal,Normal,Mono]成功.
创建字体[C:/Windows/Fonts/simsun.ttc][14,Normal,Normal,Mono]成功.
创建字体[C:/Windows/Fonts/simsun.ttc][14,Normal,Normal,Mono]成功.
创建字体[C:/Windows/Fonts/simsun.ttc][14,Normal,Normal,Mono]成功.
创建字体[C:/Windows/Fonts/simsun.ttc][14,Normal,Normal,Mono]成功.
创建字体[C:/Windows/Fonts/simsun.ttc][14,Normal,Normal,Mono]成功.
创建字体[C:/Windows/Fonts/simsun.ttc][14,Normal,Normal,Mono]成功.
创建字体[C:/Windows/Fonts/simsun.ttc][14,Normal,Normal,Mono]成功.
创建字体[C:/Windows/Fonts/simsun.ttc][14,Normal,Normal,Mono]成功.
创建字体[C:/Windows/Fonts/simsun.ttc][14,Normal,Normal,Mono]成功.
创建字体[C:/Windows/Fonts/simsun.ttc][14,Normal,Normal,Mono]成功.
创建字体[C:/Windows/Fonts/simsun.ttc][14,Normal,Normal,Mono]成功.
创建字体[C:/Windows/Fonts/simsun.ttc][14,Normal,Normal,Mono]成功.
创建字体[C:/Windows/Fonts/simsun.ttc][14,Normal,Normal,Mono]成功.
创建字体[C:/Windows/Fonts/simsun.ttc][14,Normal,Normal,Mono]成功.
创建字体[C:/Windows/Fonts/simsun.ttc][14,Normal,Normal,Mono]成功.
创建字体[C:/Windows/Fonts/simsun.ttc][14,Normal,Normal,Mono]成功.
创建字体[C:/Windows/Fonts/simsun.ttc][14,Normal,Normal,Mono]成功.
创建字体[C:/Windows/Fonts/simsun.ttc][14,Normal,Normal,Mono]成功.
创建字体[C:/Windows/Fonts/simsun.ttc][14,Normal,Normal,Mono]成功.
创建字体[C:/Windows/Fonts/simsun.ttc][14,Normal,Normal,Mono]成功.
创建字体[C:/Windows/Fonts/simsun.ttc][14,Normal,Normal,Mono]成功.
创建字体[C:/Windows/Fonts/simsun.ttc][14,Normal,Normal,Mono]成功.
创建字体[C:/Windows/Fonts/simsun.ttc][14,Normal,Normal,Mono]成功.
创建字体[C:/Windows/Fonts/simsun.ttc][14,Normal,Normal,Mono]成功.
创建字体[C:/Windows/Fonts/simsun.ttc][14,Normal,Normal,Mono]成功.
创建字体[C:/Windows/Fonts/simsun.ttc][14,Normal,Normal,Mono]成功.
创建字体[C:/Windows/Fonts/simsun.ttc][14,Normal,Normal,Mono]成功.
创建字体[C:/Windows/Fonts/simsun.ttc][14,Normal,Normal,Mono]成功.
创建字体[C:/Windows/Fonts/simsun.ttc][14,Normal,Normal,Mono]成功.
创建字体[C:/Windows/Fonts/simsun.ttc][14,Normal,Normal,Mono]成功.
创建字体[C:/Windows/Fonts/simsun.ttc][14,Normal,Normal,Mono]成功.
创建字体[C:/Windows/Fonts/simsun.ttc][14,Normal,Normal,Mono]成功.
创建字体[C:/Windows/Fonts/simsun.ttc][14,Normal,Normal,Mono]成功.
创建字体[C:/Windows/Fonts/simsun.ttc][14,Normal,Normal,Mono]成功.
创建字体[C:/Windows/Fonts/simsun.ttc][14,Normal,Normal,Mono]成功.
创建字体[C:/Windows/Fonts/simsun.ttc][14,Normal,Normal,Mono]成功.
创建字体[C:/Windows/Fonts/simsun.ttc][14,Normal,Normal,Mono]成功.
创建字体[C:/Windows/Fonts/simsun.ttc][14,Normal,Normal,Mono]成功.
创建字体[C:/Windows/Fonts/simsun.ttc][14,Normal,Normal,Mono]成功.
创建字体[C:/Windows/Fonts/simsun.ttc][14,Normal,Normal,Mono]成功.
创建字体[C:/Windows/Fonts/simsun.ttc][14,Normal,Normal,Mono]成功.
创建字体[C:/Windows/Fonts/simsun.ttc][14,Normal,Normal,Mono]成功.
创建字体[C:/Windows/Fonts/simsun.ttc][14,Normal,Normal,Mono]成功.
创建字体[C:/Windows/Fonts/simsun.ttc][14,Normal,Normal,Mono]成功.
创建字体[C:/Windows/Fonts/simsun.ttc][14,Normal,Normal,Mono]成功.
创建字体[C:/Windows/Fonts/simsun.ttc][14,Normal,Normal,Mono]成功.
创建字体[C:/Windows/Fonts/simsun.ttc][14,Normal,Normal,Mono]成功.
创建字体[C:/Windows/Fonts/simsun.ttc][14,Normal,Normal,Mono]成功.
创建字体[C:/Windows/Fonts/simsun.ttc][14,Normal,Normal,Mono]成功.
创建字体[C:/Windows/Fonts/simsun.ttc][14,Normal,Normal,Mono]成功.
创建字体[C:/Windows/Fonts/simsun.ttc][14,Normal,Normal,Mono]成功.
创建字体[C:/Windows/Fonts/simsun.ttc][14,Normal,Normal,Mono]成功.
创建字体[C:/Windows/Fonts/simsun.ttc][14,Normal,Normal,Mono]成功.
创建字体[C:/Windows/Fonts/simsun.ttc][14,Normal,Normal,Mono]成功.
创建字体[C:/Windows/Fonts/simsun.ttc][14,Normal,Normal,Mono]成功.
创建字体[C:/Windows/Fonts/simsun.ttc][14,Normal,Normal,Mono]成功.
创建字体[C:/Windows/Fonts/simsun.ttc][14,Normal,Normal,Mono]成功.
创建字体[C:/Windows/Fonts/simsun.ttc][14,Normal,Normal,Mono]成功.
创建字体[C:/Windows/Fonts/simsun.ttc][14,Normal,Normal,Mono]成功.
创建字体[C:/Windows/Fonts/simsun.ttc][14,Normal,Normal,Mono]成功.
创建字体[C:/Windows/Fonts/simsun.ttc][14,Normal,Normal,Mono]成功.
创建字体[C:/Windows/Fonts/simsun.ttc][14,Normal,Normal,Mono]成功.
创建字体[C:/Windows/Fonts/simsun.ttc][14,Normal,Normal,Mono]成功.
创建字体[C:/Windows/Fonts/simsun.ttc][14,Normal,Normal,Mono]成功.
创建字体[C:/Windows/Fonts/simsun.ttc][14,Normal,Normal,Mono]成功.
创建字体[C:/Windows/Fonts/simsun.ttc][14,Normal,Normal,Mono]成功.
创建字体[C:/Windows/Fonts/simsun.ttc][14,Normal,Normal,Mono]成功.
创建字体[C:/Windows/Fonts/simsun.ttc][14,Normal,Normal,Mono]成功.
创建字体[C:/Windows/Fonts/simsun.ttc][14,Normal,Normal,Mono]成功.
创建字体[C:/Windows/Fonts/simsun.ttc][14,Normal,Normal,Mono]成功.
创建字体[C:/Windows/Fonts/simsun.ttc][14,Normal,Normal,Mono]成功.
创建字体[C:/Windows/Fonts/simsun.ttc][14,Normal,Normal,Mono]成功.
创建字体[C:/Windows/Fonts/simsun.ttc][14,Normal,Normal,Mono]成功.
创建字体[C:/Windows/Fonts/simsun.ttc][14,Normal,Normal,Mono]成功.
创建字体[C:/Windows/Fonts/simsun.ttc][14,Normal,Normal,Mono]成功.
创建字体[C:/Windows/Fonts/simsun.ttc][14,Normal,Normal,Mono]成功.
创建字体[C:/Windows/Fonts/simsun.ttc][14,Normal,Normal,Mono]成功.
创建字体[C:/Windows/Fonts/simsun.ttc][14,Normal,Normal,Mono]成功.
创建字体[C:/Windows/Fonts/simsun.ttc][14,Normal,Normal,Mono]成功.
创建字体[C:/Windows/Fonts/simsun.ttc][14,Normal,Normal,Mono]成功.
创建字体[C:/Windows/Fonts/simsun.ttc][14,Normal,Normal,Mono]成功.
创建字体[C:/Windows/Fonts/simsun.ttc][14,Normal,Normal,Mono]成功.
创建字体[C:/Windows/Fonts/simsun.ttc][14,Normal,Normal,Mono]成功.
创建字体[C:/Windows/Fonts/simsun.ttc][14,Normal,Normal,Mono]成功.
创建字体[C:/Windows/Fonts/simsun.ttc][14,Normal,Normal,Mono]成功.
创建字体[C:/Windows/Fonts/simsun.ttc][14,Normal,Normal,Mono]成功.
创建字体[C:/Windows/Fonts/simsun.ttc][14,Normal,Normal,Mono]成功.
创建字体[C:/Windows/Fonts/simsun.ttc][14,Normal,Normal,Mono]成功.
创建字体[C:/Windows/Fonts/simsun.ttc][14,Normal,Normal,Mono]成功.
创建字体[C:/Windows/Fonts/simsun.ttc][14,Normal,Normal,Mono]成功.
创建字体[C:/Windows/Fonts/simsun.ttc][14,Normal,Normal,Mono]成功.
创建字体[C:/Windows/Fonts/simsun.ttc][14,Normal,Normal,Mono]成功.
创建字体[C:/Windows/Fonts/simsun.ttc][14,Normal,Normal,Mono]成功.
创建字体[C:/Windows/Fonts/simsun.ttc][14,Normal,Normal,Mono]成功.
创建字体[C:/Windows/Fonts/simsun.ttc][14,Normal,Normal,Mono]成功.
创建字体[C:/Windows/Fonts/simsun.ttc][14,Normal,Normal,Mono]成功.
创建字体[C:/Windows/Fonts/simsun.ttc][14,Normal,Normal,Mono]成功.
创建字体[C:/Windows/Fonts/simsun.ttc][14,Normal,Normal,Mono]成功.
创建字体[C:/Windows/Fonts/simsun.ttc][14,Normal,Normal,Mono]成功.
创建字体[C:/Windows/Fonts/simsun.ttc][14,Normal,Normal,Mono]成功.
创建字体[C:/Windows/Fonts/simsun.ttc][14,Normal,Normal,Mono]成功.
创建字体[C:/Windows/Fonts/simsun.ttc][14,Normal,Normal,Mono]成功.
创建字体[C:/Windows/Fonts/simsun.ttc][14,Normal,Normal,Mono]成功.
创建字体[C:/Windows/Fonts/simsun.ttc][14,Normal,Normal,Mono]成功.
创建字体[C:/Windows/Fonts/simsun.ttc][14,Normal,Normal,Mono]成功.
创建字体[C:/Windows/Fonts/simsun.ttc][14,Normal,Normal,Mono]成功.
创建字体[C:/Windows/Fonts/simsun.ttc][14,Normal,Normal,Mono]成功.
创建字体[C:/Windows/Fonts/simsun.ttc][14,Normal,Normal,Mono]成功.
创建字体[C:/Windows/Fonts/simsun.ttc][14,Normal,Normal,Mono]成功.
创建字体[C:/Windows/Fonts/simsun.ttc][14,Normal,Normal,Mono]成功.
创建字体[C:/Windows/Fonts/simsun.ttc][14,Normal,Normal,Mono]成功.
创建字体[C:/Windows/Fonts/simsun.ttc][14,Normal,Normal,Mono]成功.
创建字体[C:/Windows/Fonts/simsun.ttc][14,Normal,Normal,Mono]成功.
显示模式:360x233x32(窗口)
重置视频设备成功.
创建纹理[123x40]成功.
创建纹理[30x29]成功.
创建纹理[30x30]成功.
创建纹理[30x30]成功.
创建纹理[29x29]成功.
创建纹理[29x29]成功.
创建纹理[29x29]成功.
创建纹理[29x29]成功.
创建纹理[29x29]成功.
创建纹理[29x29]成功.
创建纹理[29x29]成功.
创建纹理[123x40]成功.
创建字体[C:/Windows/Fonts/simsun.ttc][14,Normal,Normal,Mono]成功.
显示模式:800x500x32(窗口)
重置视频设备成功.
创建纹理[145x169]成功.
创建纹理[70x112]成功.
创建纹理[126x182]成功.
创建纹理[69x107]成功.
创建纹理[114x189]成功.
创建纹理[68x106]成功.
创建纹理[135x193]成功.
创建纹理[72x121]成功.
创建纹理[148x186]成功.
创建纹理[73x121]成功.
创建纹理[159x168]成功.
创建纹理[71x109]成功.
创建纹理[162x165]成功.
创建纹理[70x110]成功.
创建纹理[174x166]成功.
创建纹理[67x109]成功.
创建纹理[167x178]成功.
创建纹理[67x116]成功.
创建纹理[139x185]成功.
创建纹理[137x188]成功.
创建纹理[161x202]成功.
创建纹理[167x192]成功.
创建纹理[162x165]成功.
创建纹理[163x176]成功.
创建字体[C:/Windows/Fonts/simsun.ttc][14,Normal,Normal,Mono]成功.
创建字体[C:/Windows/Fonts/simsun.ttc][14,Normal,Normal,Mono]成功.
创建字体[C:/Windows/Fonts/simsun.ttc][14,Normal,Normal,Mono]成功.

Galaxy2D Game Engine 运行结束.
